<?xml version="1.0" encoding="UTF-8"?>
<!-- Generated by org.testng.reporters.JUnitXMLReporter -->
<testsuite hostname="DESKTOP-QBAU7DK" ignored="0" name="Test" tests="4" failures="0" timestamp="18 Nov 2019 14:51:02 GMT" time="0.051" errors="0">
  <testcase name="multi" time="0.014" classname="com.qa.tests.Test1"/>
  <testcase name="sum" time="0.002" classname="com.qa.tests.Test1"/>
  <testcase name="multi" time="0.001" classname="com.qa.tests.Test2"/>
  <testcase name="sum" time="0.003" classname="com.qa.tests.Test2"/>
</testsuite> <!-- Test -->
