<?xml version="1.0" encoding="UTF-8"?>
<testng-results skipped="0" failed="0" total="6" passed="6">
  <reporter-output>
  </reporter-output>
  <suite name="Default suite" duration-ms="49" started-at="2019-11-19T10:27:51Z" finished-at="2019-11-19T10:27:51Z">
    <groups>
    </groups>
    <test name="Default test" duration-ms="49" started-at="2019-11-19T10:27:51Z" finished-at="2019-11-19T10:27:51Z">
      <class name="com.qa.tests.Test1">
        <test-method status="PASS" signature="multi()[pri:0, instance:com.qa.tests.Test1@3ab39c39]" name="multi" duration-ms="0" started-at="2019-11-19T15:57:51Z" finished-at="2019-11-19T15:57:51Z">
          <reporter-output>
          </reporter-output>
        </test-method> <!-- multi -->
        <test-method status="PASS" signature="sum()[pri:0, instance:com.qa.tests.Test1@3ab39c39]" name="sum" duration-ms="0" started-at="2019-11-19T15:57:51Z" finished-at="2019-11-19T15:57:51Z">
          <reporter-output>
          </reporter-output>
        </test-method> <!-- sum -->
      </class> <!-- com.qa.tests.Test1 -->
      <class name="com.qa.tests.Test3">
        <test-method status="PASS" signature="multi()[pri:0, instance:com.qa.tests.Test3@6fffcba5]" name="multi" duration-ms="26" started-at="2019-11-19T15:57:51Z" finished-at="2019-11-19T15:57:51Z">
          <reporter-output>
          </reporter-output>
        </test-method> <!-- multi -->
        <test-method status="PASS" signature="sum()[pri:0, instance:com.qa.tests.Test3@6fffcba5]" name="sum" duration-ms="1" started-at="2019-11-19T15:57:51Z" finished-at="2019-11-19T15:57:51Z">
          <reporter-output>
          </reporter-output>
        </test-method> <!-- sum -->
      </class> <!-- com.qa.tests.Test3 -->
      <class name="com.qa.tests.Test2">
        <test-method status="PASS" signature="multiplication()[pri:0, instance:com.qa.tests.Test2@2b80d80f]" name="multiplication" duration-ms="1" started-at="2019-11-19T15:57:51Z" finished-at="2019-11-19T15:57:51Z">
          <reporter-output>
          </reporter-output>
        </test-method> <!-- multiplication -->
        <test-method status="PASS" signature="sum()[pri:0, instance:com.qa.tests.Test2@2b80d80f]" name="sum" duration-ms="1" started-at="2019-11-19T15:57:51Z" finished-at="2019-11-19T15:57:51Z">
          <reporter-output>
          </reporter-output>
        </test-method> <!-- sum -->
      </class> <!-- com.qa.tests.Test2 -->
    </test> <!-- Default test -->
  </suite> <!-- Default suite -->
</testng-results>
