<?xml version="1.0" encoding="UTF-8"?>
<!-- Generated by org.testng.reporters.JUnitXMLReporter -->
<testsuite hostname="DESKTOP-QBAU7DK" name="Default test" tests="6" failures="0" timestamp="19 Nov 2019 10:27:51 GMT" time="0.049" errors="0">
  <testcase name="multi" time="0.026" classname="com.qa.tests.Test3"/>
  <testcase name="sum" time="0.001" classname="com.qa.tests.Test3"/>
  <testcase name="multiplication" time="0.001" classname="com.qa.tests.Test2"/>
  <testcase name="sum" time="0.001" classname="com.qa.tests.Test2"/>
  <testcase name="multi" time="0.0" classname="com.qa.tests.Test1"/>
  <testcase name="sum" time="0.0" classname="com.qa.tests.Test1"/>
</testsuite> <!-- Default test -->
